"drag-rfile"
"Time Step" "drag"
("Time Step" "drag")
0 0
1 -2.074188024285837
2 -2.673784419943721
3 -1.713282396244642
4 -0.2150037106375758
5 -0.02020307692129903
6 -0.1785884755914568
7 0.01088173347744557
8 0.08363757985870766
9 0.03542009776273677
10 -0.2334005454262208
11 -1.624687947141982
12 -2.476222687738713
13 -1.698080730128842
14 -0.1495306588056146
15 -0.01130650589516124
16 -0.1982365888314164
17 0.05120585759189333
18 0.1649667949451462
19 0.05722105530870396
20 -0.2199846023103783
21 -1.511945774716442
22 -2.326874313087933
23 -1.580580945255388
24 -0.08810210107451122
25 -0.04182963782922106
26 -0.2930365626988265
27 0.05417524794152345
28 0.1624970792692603
29 0.06433518680027441
30 -0.1926668323436902
31 -1.460951136891588
32 -2.279000736047324
33 -1.568701967778128
34 -0.08481701333693938
35 -0.03202295503396989
36 -0.2806317219789951
37 0.05091148784760143
38 0.1686346116576082
39 0.06938484421149636
40 -0.1856437508836331
41 -1.428755058244585
42 -2.245163857077507
43 -1.553838477432266
44 -0.08286643923095401
45 -0.03265142554644453
46 -0.2864666370776612
47 0.05413809417511459
48 0.1713882820379318
49 0.06914959443781586
50 -0.1851670777983149
51 -1.417913557684856
52 -2.231661170709391
53 -1.546887005739201
54 -0.08251495199094754
55 -0.03828380752881151
56 -0.2669869726492401
57 0.05737533511048031
58 0.1758714876312187
59 0.07254473193116587
60 -0.177962720382258
61 -1.409545024660603
62 -2.22641023165065
63 -1.545661088635544
64 -0.08385362995449106
65 -0.03440714465058389
66 -0.2782654847884754
67 0.05984265734955226
68 0.1740139849516382
69 0.07146046974538227
70 -0.1752102534210574
71 -1.404865296032849
72 -2.22892814846356
73 -1.5455407039549
74 -0.0830496168176878
75 -0.0353735590211668
76 -0.250950225153701
77 0.06105171765924094
78 0.1790125468118741
79 0.07650406230612347
80 -0.1613429943305969
81 -1.403319559790341
82 -2.231989959913432
83 -1.550526676493758
84 -0.08653755444403595
85 -0.03318633724090288
86 -0.2460105623162215
87 0.06165850238435908
88 0.1794921326140074
89 0.0785051249504363
90 -0.1528984338956312
91 -1.405100400428357
92 -2.239791171409217
93 -1.554532021064933
94 -0.08784013276514369
95 -0.03350576973775662
96 -0.23996011567171
97 0.06195971485937792
98 0.1809812484165699
99 0.08128508637328152
100 -0.1417432630592856
