"drag-rfile"
"Time Step" "drag"
("Time Step" "drag")
0 0
1 -2.996900133830976
2 0.1943617107529198
3 0.1430294189233614
4 -0.06715529777206665
5 -2.80623622604594
6 0.2091182363666224
7 0.2063863832617902
8 -0.0923745026130188
9 -3.651806261193604
10 0.2328579014004159
11 -0.142452646241791
12 -0.4741217702679065
13 -3.350010804704224
14 0.09054680417334704
15 -0.4273460661841951
16 -0.71758530685905
17 -4.167094581735888
18 0.2506833608680662
19 -0.7483405137767774
20 -0.5337067721097948
21 -3.944226485276998
22 0.3477673647974913
23 -0.7254922092163278
24 -0.7184906966327382
25 -4.725824581828745
26 0.3622944512436245
27 -0.3223621008964507
28 -0.7248362430364586
29 -5.185829198514404
30 0.3159507973228081
31 -0.1470791900541902
32 -0.9666146115533141
33 -5.472040474142871
34 0.3497692858733122
35 -0.08719833450173423
36 -0.8588618953295816
37 -4.933287273801736
38 0.342388160650292
39 -0.2833818458574384
40 -0.7522393313530689
41 -4.738628176242139
42 0.3608890293961714
43 -0.3407809917615068
44 -0.6816321104153791
45 -4.70841422432107
