"lift-rfile"
"Time Step" "lift"
("Time Step" "lift")
0 0
1 -20.53955614622611
2 2.175003004712254
3 21.09048462770888
4 -1.030935885236639
5 -20.24871970037205
6 2.638741494325477
7 22.33106661669493
8 -0.715203702436526
9 -19.10077376453285
10 3.516357628103667
11 21.09502889480878
12 -2.483647470452111
13 -21.48315220285128
14 3.101452816263889
15 19.32660630167667
16 -7.304589228278922
17 -19.49462349362488
18 5.689256129065631
19 15.33900975603104
20 -7.511486130664707
21 -18.50827413922453
22 6.944516814038751
23 16.59634455897309
24 -7.28338208079027
25 -19.6713707359805
26 6.59146541466316
27 17.76303576781855
28 -7.487016816939717
29 -19.51048957905164
30 7.619770726667905
31 17.76287259909463
32 -7.894948318636856
33 -19.66382917415154
34 9.130329586424464
35 18.37068757205457
36 -7.807647277507116
37 -19.10488848340766
38 9.198287978033211
39 18.279423766452
40 -7.476957192336672
41 -19.0795833882813
42 8.902101494686368
43 18.48378971841727
44 -7.327410901768134
45 -19.15061122137374
