"lift-rfile"
"Time Step" "lift"
("Time Step" "lift")
0 0
1 -14.30946179927855
2 -19.49473091845945
3 -13.92468307940674
4 -2.668707904050126
5 2.107919843194612
6 10.99019399533941
7 18.44997030694344
8 14.18355645619589
9 3.308646458657464
10 -2.455769176127898
11 -10.92581988238988
12 -18.3708828098227
13 -14.10306036621899
14 -2.727472865434439
15 1.778244761731421
16 11.25634535515916
17 19.26827626778374
18 14.7711352575844
19 3.238567364625224
20 -2.043076675059783
21 -10.08397783803695
22 -17.39112961975216
23 -13.43130972510507
24 -2.357346053615565
25 2.204941219549336
26 11.63485688089866
27 19.8161909947965
28 15.17864692940872
29 3.384560244672541
30 -1.859371528015963
31 -9.6605519736136
32 -17.07573178316374
33 -13.33226363694387
34 -2.345115290298427
35 2.293878717965352
36 11.88008719368678
37 20.08037678417452
38 15.35615541491948
39 3.441773184202833
40 -1.767429022751017
41 -9.44892480732767
42 -16.86901731498215
43 -13.23362225804335
44 -2.337575133708493
45 2.301651440754124
46 12.01842651826278
47 20.22305344093029
48 15.42682364313127
49 3.448157533312652
50 -1.741872935378261
51 -9.36235843785613
52 -16.77830763506609
53 -13.18461167861798
54 -2.332088387234826
55 2.284786023837345
56 12.07844841883281
57 20.28801339919275
58 15.46957664770543
59 3.480190694501179
60 -1.68656278851304
61 -9.302732647113505
62 -16.74148145599809
63 -13.16394696813367
64 -2.326895605269398
65 2.320967819185001
66 12.0913683199771
67 20.29355510784755
68 15.46712051138392
69 3.486963796770664
70 -1.675247426123053
71 -9.312683473253047
72 -16.75065430474109
73 -13.16664439198223
74 -2.32893272952625
75 2.339940973912276
76 12.05472418074121
77 20.24842819100595
78 15.4707833041517
79 3.546097244796488
80 -1.592044454473516
81 -9.291837407244007
82 -16.77712797726074
83 -13.18277014501709
84 -2.331465163160762
85 2.360140435974425
86 12.03877628331391
87 20.21706670929181
88 15.46370947342641
89 3.577410129811604
90 -1.547894124317277
91 -9.325228648040673
92 -16.82631371669928
93 -13.2083938488032
94 -2.33954899292841
95 2.369036153459456
96 11.99875144477132
97 20.16547846298522
98 15.45289730384745
99 3.633982941943864
100 -1.49993289653577
